<?xml version="1.0" encoding="UTF-8"?>
<testng-results ignored="0" total="2" passed="2" failed="0" skipped="0">
  <reporter-output>
  </reporter-output>
  <suite started-at="2023-04-04T21:04:38 EDT" name="Suite" finished-at="2023-04-04T21:04:38 EDT" duration-ms="126">
    <groups>
    </groups>
    <test started-at="2023-04-04T21:04:38 EDT" name="Test" finished-at="2023-04-04T21:04:38 EDT" duration-ms="126">
      <class name="jUnitTestingPackage.AnnotationTesting">
        <test-method is-config="true" signature="before()[pri:0, instance:jUnitTestingPackage.AnnotationTesting@43dac38f]" started-at="2023-04-04T21:04:38 EDT" name="before" finished-at="2023-04-04T21:04:38 EDT" duration-ms="7" status="PASS">
          <reporter-output>
          </reporter-output>
        </test-method> <!-- before -->
        <test-method signature="tes1()[pri:0, instance:jUnitTestingPackage.AnnotationTesting@43dac38f]" started-at="2023-04-04T21:04:38 EDT" name="tes1" finished-at="2023-04-04T21:04:38 EDT" duration-ms="7" status="PASS">
          <reporter-output>
          </reporter-output>
        </test-method> <!-- tes1 -->
        <test-method is-config="true" signature="afterClass()[pri:0, instance:jUnitTestingPackage.AnnotationTesting@43dac38f]" started-at="2023-04-04T21:04:38 EDT" name="afterClass" finished-at="2023-04-04T21:04:38 EDT" duration-ms="1" status="PASS">
          <reporter-output>
          </reporter-output>
        </test-method> <!-- afterClass -->
        <test-method is-config="true" signature="before()[pri:0, instance:jUnitTestingPackage.AnnotationTesting@43dac38f]" started-at="2023-04-04T21:04:38 EDT" name="before" finished-at="2023-04-04T21:04:38 EDT" duration-ms="4" status="PASS">
          <reporter-output>
          </reporter-output>
        </test-method> <!-- before -->
        <test-method signature="tes2()[pri:0, instance:jUnitTestingPackage.AnnotationTesting@43dac38f]" started-at="2023-04-04T21:04:38 EDT" name="tes2" finished-at="2023-04-04T21:04:38 EDT" duration-ms="2" status="PASS">
          <reporter-output>
          </reporter-output>
        </test-method> <!-- tes2 -->
        <test-method is-config="true" signature="afterClass()[pri:0, instance:jUnitTestingPackage.AnnotationTesting@43dac38f]" started-at="2023-04-04T21:04:38 EDT" name="afterClass" finished-at="2023-04-04T21:04:38 EDT" duration-ms="1" status="PASS">
          <reporter-output>
          </reporter-output>
        </test-method> <!-- afterClass -->
      </class> <!-- jUnitTestingPackage.AnnotationTesting -->
    </test> <!-- Test -->
  </suite> <!-- Suite -->
</testng-results>
